[INFO]    Initialized logging in resultados\pabot_results
[INFO]    Robot Framework remote server at 127.0.0.1:8270 started.
[DEBUG]   Storing .pabotsuitenames file
[DEBUG]   2026-07-04 21:24:38.895159 [PID:10640] [0] [ID:1] EXECUTING Suites.Ui.04 Login
[DEBUG]   2026-07-04 21:24:38.895317 [PID:21736] [1] [ID:0] EXECUTING Suites.Api.06 Api Tests
[INFO]    2026-07-04 21:24:40.713526 [PID:21736] [1] [ID:0] PASSED Suites.Api.06 Api Tests in 1.8 seconds
[DEBUG]   2026-07-04 21:24:40.720146 [PID:17744] [0] [ID:2] EXECUTING Suites.Ui.05 Login Ddt
[DEBUG]   2026-07-04 21:24:43.931909 [PID:10640] [0] [ID:1] still running Suites.Ui.04 Login after 5.0s
[DEBUG]   2026-07-04 21:24:45.745681 [PID:17744] [0] [ID:2] still running Suites.Ui.05 Login Ddt after 5.0s
[INFO]    2026-07-04 21:24:53.493261 [PID:10640] [0] [ID:1] PASSED Suites.Ui.04 Login in 14.6 seconds
[DEBUG]   2026-07-04 21:24:55.808651 [PID:17744] [0] [ID:2] still running Suites.Ui.05 Login Ddt after 15.0s
[INFO]    2026-07-04 21:24:58.123272 [PID:17744] [0] [ID:2] PASSED Suites.Ui.05 Login Ddt in 17.4 seconds
[INFO]    10 tests, 10 passed, 0 failed, 0 skipped.
[INFO]    ===================================================
[INFO]    Output:  C:\Users\ADMIN\robotframework-labs\resultados\output.xml
[INFO]    Log:     C:\Users\ADMIN\robotframework-labs\resultados\log.html
[INFO]    Report:  C:\Users\ADMIN\robotframework-labs\resultados\report.html
[DEBUG]   Finalizing Pabot execution...
[DEBUG]   Stopping PabotLib process
[INFO]    Robot Framework remote server at 127.0.0.1:8270 stopped.
[DEBUG]   PabotLib process stopped
[INFO]    Total testing: 33.79 seconds
[INFO]    Elapsed time:  21.44 seconds
[DEBUG]   Logs flushed successfully.
