==============================================================================
Suites
==============================================================================
Suites.Ui
==============================================================================
Suites.Ui.04 Login
==============================================================================
Login Exitoso Con Usuario Valido                                      | PASS |
------------------------------------------------------------------------------
Login Fallido Con Usuario Bloqueado                                   | PASS |
------------------------------------------------------------------------------
Suites.Ui.04 Login                                                    | PASS |
2 tests, 2 passed, 0 failed
==============================================================================
Suites.Ui                                                             | PASS |
2 tests, 2 passed, 0 failed
==============================================================================
Suites                                                                | PASS |
2 tests, 2 passed, 0 failed
==============================================================================
Output:  C:\Users\ADMIN\robotframework-labs\resultados\pabot_results\1\output.xml
