2026-07-04 21:24:39.202658 ==============================================================================
2026-07-04 21:24:39.264013 Suites
2026-07-04 21:24:39.264141 ==============================================================================
2026-07-04 21:24:39.264176 Suites.Ui
2026-07-04 21:24:39.265135 ==============================================================================
2026-07-04 21:24:39.517801 Suites.Ui.04 Login
2026-07-04 21:24:39.566670 ==============================================================================
2026-07-04 21:24:46.787108 Login Exitoso Con Usuario Valido                                      | PASS |
2026-07-04 21:24:46.788635 ------------------------------------------------------------------------------
2026-07-04 21:24:49.093124 Login Fallido Con Usuario Bloqueado                                   | PASS |
2026-07-04 21:24:49.093723 ------------------------------------------------------------------------------
2026-07-04 21:24:49.093750 Suites.Ui.04 Login                                                    | PASS |
2026-07-04 21:24:49.094497 2 tests, 2 passed, 0 failed
2026-07-04 21:24:49.094533 ==============================================================================
2026-07-04 21:24:49.094554 Suites.Ui                                                             | PASS |
2026-07-04 21:24:49.095136 2 tests, 2 passed, 0 failed
2026-07-04 21:24:49.095223 ==============================================================================
2026-07-04 21:24:49.095240 Suites                                                                | PASS |
2026-07-04 21:24:49.095646 2 tests, 2 passed, 0 failed
2026-07-04 21:24:49.095708 ==============================================================================
2026-07-04 21:24:49.095725 Output:  C:\Users\ADMIN\robotframework-labs\resultados\pabot_results\1\output.xml
