==============================================================================
Suites
==============================================================================
Suites.Ui
==============================================================================
Suites.Ui.05 Login Ddt
==============================================================================
Usuario estandar                                                      | PASS |
------------------------------------------------------------------------------
Usuario bloqueado                                                     | PASS |
------------------------------------------------------------------------------
Clave incorrecta                                                      | PASS |
------------------------------------------------------------------------------
Usuario vacio                                                         | PASS |
------------------------------------------------------------------------------
Agregar Producto Al Carrito                                           | PASS |
------------------------------------------------------------------------------
Suites.Ui.05 Login Ddt                                                | PASS |
5 tests, 5 passed, 0 failed
==============================================================================
Suites.Ui                                                             | PASS |
5 tests, 5 passed, 0 failed
==============================================================================
Suites                                                                | PASS |
5 tests, 5 passed, 0 failed
==============================================================================
Output:  C:\Users\ADMIN\robotframework-labs\resultados\pabot_results\2\output.xml
