2026-07-04 21:24:41.341073 ==============================================================================
2026-07-04 21:24:41.363234 Suites
2026-07-04 21:24:41.363302 ==============================================================================
2026-07-04 21:24:41.363328 Suites.Ui
2026-07-04 21:24:41.364479 ==============================================================================
2026-07-04 21:24:41.672203 Suites.Ui.05 Login Ddt
2026-07-04 21:24:41.682205 ==============================================================================
2026-07-04 21:24:46.819942 Usuario estandar                                                      | PASS |
2026-07-04 21:24:46.838159 ------------------------------------------------------------------------------
2026-07-04 21:24:47.083026 Usuario bloqueado                                                     | PASS |
2026-07-04 21:24:47.084321 ------------------------------------------------------------------------------
2026-07-04 21:24:47.272289 Clave incorrecta                                                      | PASS |
2026-07-04 21:24:47.285885 ------------------------------------------------------------------------------
2026-07-04 21:24:55.254506 Usuario vacio                                                         | PASS |
2026-07-04 21:24:55.312002 ------------------------------------------------------------------------------
2026-07-04 21:24:55.628253 Agregar Producto Al Carrito                                           | PASS |
2026-07-04 21:24:55.652137 ------------------------------------------------------------------------------
2026-07-04 21:24:57.814462 Suites.Ui.05 Login Ddt                                                | PASS |
2026-07-04 21:24:57.832133 5 tests, 5 passed, 0 failed
2026-07-04 21:24:57.832177 ==============================================================================
2026-07-04 21:24:57.832207 Suites.Ui                                                             | PASS |
2026-07-04 21:24:57.833169 5 tests, 5 passed, 0 failed
2026-07-04 21:24:57.833211 ==============================================================================
2026-07-04 21:24:57.833239 Suites                                                                | PASS |
2026-07-04 21:24:57.834100 5 tests, 5 passed, 0 failed
2026-07-04 21:24:57.834142 ==============================================================================
2026-07-04 21:24:57.834172 Output:  C:\Users\ADMIN\robotframework-labs\resultados\pabot_results\2\output.xml
