2026-07-04 21:24:39.202698 ==============================================================================
2026-07-04 21:24:39.263973 Suites
2026-07-04 21:24:39.264042 ==============================================================================
2026-07-04 21:24:39.264083 Suites.Api
2026-07-04 21:24:39.265034 ==============================================================================
2026-07-04 21:24:39.517751 Suites.Api.06 Api Tests
2026-07-04 21:24:39.519913 ==============================================================================
2026-07-04 21:24:39.893622 C:\Users\ADMIN\robotframework-labs\venv\Lib\site-packages\urllib3\connectionpool.py:1110: InsecureRequestWarning: Unverified HTTPS request is being made to host 'jsonplaceholder.typicode.com'. Adding certificate verification is strongly advised. See: https://urllib3.readthedocs.io/en/latest/advanced-usage.html#tls-warnings
2026-07-04 21:24:39.956249 Obtener Lista De Usuarios                                             | PASS |
2026-07-04 21:24:39.956249   warnings.warn(
2026-07-04 21:24:39.965765 ------------------------------------------------------------------------------
2026-07-04 21:24:40.265607 Crear Nuevo Usuario                                                   | PASS |
2026-07-04 21:24:40.265607 C:\Users\ADMIN\robotframework-labs\venv\Lib\site-packages\urllib3\connectionpool.py:1110: InsecureRequestWarning: Unverified HTTPS request is being made to host 'jsonplaceholder.typicode.com'. Adding certificate verification is strongly advised. See: https://urllib3.readthedocs.io/en/latest/advanced-usage.html#tls-warnings
2026-07-04 21:24:40.297207 ------------------------------------------------------------------------------
2026-07-04 21:24:40.297207   warnings.warn(
2026-07-04 21:24:40.484667 Obtener Usuario Inexistente                                           | PASS |
2026-07-04 21:24:40.484667 C:\Users\ADMIN\robotframework-labs\venv\Lib\site-packages\urllib3\connectionpool.py:1110: InsecureRequestWarning: Unverified HTTPS request is being made to host 'jsonplaceholder.typicode.com'. Adding certificate verification is strongly advised. See: https://urllib3.readthedocs.io/en/latest/advanced-usage.html#tls-warnings
2026-07-04 21:24:40.519750 ------------------------------------------------------------------------------
2026-07-04 21:24:40.519750   warnings.warn(
2026-07-04 21:24:40.519769 Suites.Api.06 Api Tests                                               | PASS |
2026-07-04 21:24:40.520136 3 tests, 3 passed, 0 failed
2026-07-04 21:24:40.520148 ==============================================================================
2026-07-04 21:24:40.520158 Suites.Api                                                            | PASS |
2026-07-04 21:24:40.520582 3 tests, 3 passed, 0 failed
2026-07-04 21:24:40.520616 ==============================================================================
2026-07-04 21:24:40.520637 Suites                                                                | PASS |
2026-07-04 21:24:40.520705 3 tests, 3 passed, 0 failed
2026-07-04 21:24:40.520714 ==============================================================================
2026-07-04 21:24:40.520721 Output:  C:\Users\ADMIN\robotframework-labs\resultados\pabot_results\0\output.xml
