==============================================================================
Suites
==============================================================================
Suites.Api
==============================================================================
Suites.Api.06 Api Tests
==============================================================================
Obtener Lista De Usuarios                                             | PASS |
------------------------------------------------------------------------------
Crear Nuevo Usuario                                                   | PASS |
------------------------------------------------------------------------------
Obtener Usuario Inexistente                                           | PASS |
------------------------------------------------------------------------------
Suites.Api.06 Api Tests                                               | PASS |
3 tests, 3 passed, 0 failed
==============================================================================
Suites.Api                                                            | PASS |
3 tests, 3 passed, 0 failed
==============================================================================
Suites                                                                | PASS |
3 tests, 3 passed, 0 failed
==============================================================================
Output:  C:\Users\ADMIN\robotframework-labs\resultados\pabot_results\0\output.xml
